<?xml version="1.0" encoding="UTF-8"?>
<testsuite xmlns:xsi="http://www.w3.org/2001/XMLSchema-instance" xsi:noNamespaceSchemaLocation="https://maven.apache.org/surefire/maven-surefire-plugin/xsd/surefire-test-report-3.0.xsd" version="3.0" name="com.example.antispambot.SpamFilterServiceTest" time="0.027" tests="3" errors="0" skipped="0" failures="0">
  <properties>
    <property name="java.specification.version" value="21"/>
    <property name="sun.jnu.encoding" value="UTF-8"/>
    <property name="java.class.path" value="/Users/Vlas/IdeaProjects/AntiSpamBot/target/test-classes:/Users/Vlas/IdeaProjects/AntiSpamBot/target/classes:/Users/Vlas/.m2/repository/org/telegram/telegrambots/6.5.0/telegrambots-6.5.0.jar:/Users/Vlas/.m2/repository/org/telegram/telegrambots-meta/6.5.0/telegrambots-meta-6.5.0.jar:/Users/Vlas/.m2/repository/org/apache/commons/commons-lang3/3.12.0/commons-lang3-3.12.0.jar:/Users/Vlas/.m2/repository/com/fasterxml/jackson/core/jackson-annotations/2.14.0/jackson-annotations-2.14.0.jar:/Users/Vlas/.m2/repository/com/fasterxml/jackson/jaxrs/jackson-jaxrs-json-provider/2.14.0/jackson-jaxrs-json-provider-2.14.0.jar:/Users/Vlas/.m2/repository/com/fasterxml/jackson/jaxrs/jackson-jaxrs-base/2.14.0/jackson-jaxrs-base-2.14.0.jar:/Users/Vlas/.m2/repository/com/fasterxml/jackson/module/jackson-module-jaxb-annotations/2.14.0/jackson-module-jaxb-annotations-2.14.0.jar:/Users/Vlas/.m2/repository/com/fasterxml/jackson/core/jackson-core/2.14.0/jackson-core-2.14.0.jar:/Users/Vlas/.m2/repository/jakarta/xml/bind/jakarta.xml.bind-api/2.3.3/jakarta.xml.bind-api-2.3.3.jar:/Users/Vlas/.m2/repository/com/fasterxml/jackson/core/jackson-databind/2.14.0/jackson-databind-2.14.0.jar:/Users/Vlas/.m2/repository/org/glassfish/jersey/inject/jersey-hk2/2.35/jersey-hk2-2.35.jar:/Users/Vlas/.m2/repository/org/glassfish/jersey/core/jersey-common/2.35/jersey-common-2.35.jar:/Users/Vlas/.m2/repository/org/glassfish/hk2/osgi-resource-locator/1.0.3/osgi-resource-locator-1.0.3.jar:/Users/Vlas/.m2/repository/org/glassfish/hk2/hk2-locator/2.6.1/hk2-locator-2.6.1.jar:/Users/Vlas/.m2/repository/org/glassfish/hk2/external/aopalliance-repackaged/2.6.1/aopalliance-repackaged-2.6.1.jar:/Users/Vlas/.m2/repository/org/glassfish/hk2/hk2-api/2.6.1/hk2-api-2.6.1.jar:/Users/Vlas/.m2/repository/org/glassfish/hk2/hk2-utils/2.6.1/hk2-utils-2.6.1.jar:/Users/Vlas/.m2/repository/org/javassist/javassist/3.25.0-GA/javassist-3.25.0-GA.jar:/Users/Vlas/.m2/repository/org/glassfish/jersey/media/jersey-media-json-jackson/2.35/jersey-media-json-jackson-2.35.jar:/Users/Vlas/.m2/repository/org/glassfish/jersey/ext/jersey-entity-filtering/2.35/jersey-entity-filtering-2.35.jar:/Users/Vlas/.m2/repository/org/glassfish/jersey/containers/jersey-container-grizzly2-http/2.35/jersey-container-grizzly2-http-2.35.jar:/Users/Vlas/.m2/repository/org/glassfish/hk2/external/jakarta.inject/2.6.1/jakarta.inject-2.6.1.jar:/Users/Vlas/.m2/repository/org/glassfish/grizzly/grizzly-http-server/2.4.4/grizzly-http-server-2.4.4.jar:/Users/Vlas/.m2/repository/org/glassfish/grizzly/grizzly-http/2.4.4/grizzly-http-2.4.4.jar:/Users/Vlas/.m2/repository/org/glassfish/grizzly/grizzly-framework/2.4.4/grizzly-framework-2.4.4.jar:/Users/Vlas/.m2/repository/jakarta/ws/rs/jakarta.ws.rs-api/2.1.6/jakarta.ws.rs-api-2.1.6.jar:/Users/Vlas/.m2/repository/org/glassfish/jersey/core/jersey-server/2.35/jersey-server-2.35.jar:/Users/Vlas/.m2/repository/org/glassfish/jersey/core/jersey-client/2.35/jersey-client-2.35.jar:/Users/Vlas/.m2/repository/jakarta/annotation/jakarta.annotation-api/1.3.5/jakarta.annotation-api-1.3.5.jar:/Users/Vlas/.m2/repository/jakarta/validation/jakarta.validation-api/2.0.2/jakarta.validation-api-2.0.2.jar:/Users/Vlas/.m2/repository/org/apache/httpcomponents/httpclient/4.5.13/httpclient-4.5.13.jar:/Users/Vlas/.m2/repository/org/apache/httpcomponents/httpcore/4.4.13/httpcore-4.4.13.jar:/Users/Vlas/.m2/repository/commons-logging/commons-logging/1.2/commons-logging-1.2.jar:/Users/Vlas/.m2/repository/commons-codec/commons-codec/1.11/commons-codec-1.11.jar:/Users/Vlas/.m2/repository/org/apache/httpcomponents/httpmime/4.5.13/httpmime-4.5.13.jar:/Users/Vlas/.m2/repository/commons-io/commons-io/2.11.0/commons-io-2.11.0.jar:/Users/Vlas/.m2/repository/org/slf4j/slf4j-api/1.7.36/slf4j-api-1.7.36.jar:/Users/Vlas/.m2/repository/org/slf4j/slf4j-simple/1.7.36/slf4j-simple-1.7.36.jar:/Users/Vlas/.m2/repository/junit/junit/4.13.2/junit-4.13.2.jar:/Users/Vlas/.m2/repository/org/hamcrest/hamcrest-core/1.3/hamcrest-core-1.3.jar:"/>
    <property name="java.vm.vendor" value="Oracle Corporation"/>
    <property name="sun.arch.data.model" value="64"/>
    <property name="java.vendor.url" value="https://java.oracle.com/"/>
    <property name="os.name" value="Mac OS X"/>
    <property name="java.vm.specification.version" value="21"/>
    <property name="sun.java.launcher" value="SUN_STANDARD"/>
    <property name="user.country" value="RU"/>
    <property name="sun.boot.library.path" value="/Users/Vlas/Library/Java/JavaVirtualMachines/openjdk-21/Contents/Home/lib"/>
    <property name="sun.java.command" value="/Users/Vlas/IdeaProjects/AntiSpamBot/target/surefire/surefirebooter-20250210005839149_3.jar /Users/Vlas/IdeaProjects/AntiSpamBot/target/surefire 2025-02-10T00-58-38_301-jvmRun1 surefire-20250210005839149_1tmp surefire_0-20250210005839149_2tmp"/>
    <property name="jdk.debug" value="release"/>
    <property name="surefire.test.class.path" value="/Users/Vlas/IdeaProjects/AntiSpamBot/target/test-classes:/Users/Vlas/IdeaProjects/AntiSpamBot/target/classes:/Users/Vlas/.m2/repository/org/telegram/telegrambots/6.5.0/telegrambots-6.5.0.jar:/Users/Vlas/.m2/repository/org/telegram/telegrambots-meta/6.5.0/telegrambots-meta-6.5.0.jar:/Users/Vlas/.m2/repository/org/apache/commons/commons-lang3/3.12.0/commons-lang3-3.12.0.jar:/Users/Vlas/.m2/repository/com/fasterxml/jackson/core/jackson-annotations/2.14.0/jackson-annotations-2.14.0.jar:/Users/Vlas/.m2/repository/com/fasterxml/jackson/jaxrs/jackson-jaxrs-json-provider/2.14.0/jackson-jaxrs-json-provider-2.14.0.jar:/Users/Vlas/.m2/repository/com/fasterxml/jackson/jaxrs/jackson-jaxrs-base/2.14.0/jackson-jaxrs-base-2.14.0.jar:/Users/Vlas/.m2/repository/com/fasterxml/jackson/module/jackson-module-jaxb-annotations/2.14.0/jackson-module-jaxb-annotations-2.14.0.jar:/Users/Vlas/.m2/repository/com/fasterxml/jackson/core/jackson-core/2.14.0/jackson-core-2.14.0.jar:/Users/Vlas/.m2/repository/jakarta/xml/bind/jakarta.xml.bind-api/2.3.3/jakarta.xml.bind-api-2.3.3.jar:/Users/Vlas/.m2/repository/com/fasterxml/jackson/core/jackson-databind/2.14.0/jackson-databind-2.14.0.jar:/Users/Vlas/.m2/repository/org/glassfish/jersey/inject/jersey-hk2/2.35/jersey-hk2-2.35.jar:/Users/Vlas/.m2/repository/org/glassfish/jersey/core/jersey-common/2.35/jersey-common-2.35.jar:/Users/Vlas/.m2/repository/org/glassfish/hk2/osgi-resource-locator/1.0.3/osgi-resource-locator-1.0.3.jar:/Users/Vlas/.m2/repository/org/glassfish/hk2/hk2-locator/2.6.1/hk2-locator-2.6.1.jar:/Users/Vlas/.m2/repository/org/glassfish/hk2/external/aopalliance-repackaged/2.6.1/aopalliance-repackaged-2.6.1.jar:/Users/Vlas/.m2/repository/org/glassfish/hk2/hk2-api/2.6.1/hk2-api-2.6.1.jar:/Users/Vlas/.m2/repository/org/glassfish/hk2/hk2-utils/2.6.1/hk2-utils-2.6.1.jar:/Users/Vlas/.m2/repository/org/javassist/javassist/3.25.0-GA/javassist-3.25.0-GA.jar:/Users/Vlas/.m2/repository/org/glassfish/jersey/media/jersey-media-json-jackson/2.35/jersey-media-json-jackson-2.35.jar:/Users/Vlas/.m2/repository/org/glassfish/jersey/ext/jersey-entity-filtering/2.35/jersey-entity-filtering-2.35.jar:/Users/Vlas/.m2/repository/org/glassfish/jersey/containers/jersey-container-grizzly2-http/2.35/jersey-container-grizzly2-http-2.35.jar:/Users/Vlas/.m2/repository/org/glassfish/hk2/external/jakarta.inject/2.6.1/jakarta.inject-2.6.1.jar:/Users/Vlas/.m2/repository/org/glassfish/grizzly/grizzly-http-server/2.4.4/grizzly-http-server-2.4.4.jar:/Users/Vlas/.m2/repository/org/glassfish/grizzly/grizzly-http/2.4.4/grizzly-http-2.4.4.jar:/Users/Vlas/.m2/repository/org/glassfish/grizzly/grizzly-framework/2.4.4/grizzly-framework-2.4.4.jar:/Users/Vlas/.m2/repository/jakarta/ws/rs/jakarta.ws.rs-api/2.1.6/jakarta.ws.rs-api-2.1.6.jar:/Users/Vlas/.m2/repository/org/glassfish/jersey/core/jersey-server/2.35/jersey-server-2.35.jar:/Users/Vlas/.m2/repository/org/glassfish/jersey/core/jersey-client/2.35/jersey-client-2.35.jar:/Users/Vlas/.m2/repository/jakarta/annotation/jakarta.annotation-api/1.3.5/jakarta.annotation-api-1.3.5.jar:/Users/Vlas/.m2/repository/jakarta/validation/jakarta.validation-api/2.0.2/jakarta.validation-api-2.0.2.jar:/Users/Vlas/.m2/repository/org/apache/httpcomponents/httpclient/4.5.13/httpclient-4.5.13.jar:/Users/Vlas/.m2/repository/org/apache/httpcomponents/httpcore/4.4.13/httpcore-4.4.13.jar:/Users/Vlas/.m2/repository/commons-logging/commons-logging/1.2/commons-logging-1.2.jar:/Users/Vlas/.m2/repository/commons-codec/commons-codec/1.11/commons-codec-1.11.jar:/Users/Vlas/.m2/repository/org/apache/httpcomponents/httpmime/4.5.13/httpmime-4.5.13.jar:/Users/Vlas/.m2/repository/commons-io/commons-io/2.11.0/commons-io-2.11.0.jar:/Users/Vlas/.m2/repository/org/slf4j/slf4j-api/1.7.36/slf4j-api-1.7.36.jar:/Users/Vlas/.m2/repository/org/slf4j/slf4j-simple/1.7.36/slf4j-simple-1.7.36.jar:/Users/Vlas/.m2/repository/junit/junit/4.13.2/junit-4.13.2.jar:/Users/Vlas/.m2/repository/org/hamcrest/hamcrest-core/1.3/hamcrest-core-1.3.jar:"/>
    <property name="sun.cpu.endian" value="little"/>
    <property name="user.home" value="/Users/Vlas"/>
    <property name="user.language" value="en"/>
    <property name="java.specification.vendor" value="Oracle Corporation"/>
    <property name="java.version.date" value="2023-09-19"/>
    <property name="java.home" value="/Users/Vlas/Library/Java/JavaVirtualMachines/openjdk-21/Contents/Home"/>
    <property name="file.separator" value="/"/>
    <property name="basedir" value="/Users/Vlas/IdeaProjects/AntiSpamBot"/>
    <property name="java.vm.compressedOopsMode" value="Zero based"/>
    <property name="line.separator" value="&#10;"/>
    <property name="java.specification.name" value="Java Platform API Specification"/>
    <property name="java.vm.specification.vendor" value="Oracle Corporation"/>
    <property name="apple.awt.application.name" value="ForkedBooter"/>
    <property name="surefire.real.class.path" value="/Users/Vlas/IdeaProjects/AntiSpamBot/target/surefire/surefirebooter-20250210005839149_3.jar"/>
    <property name="sun.management.compiler" value="HotSpot 64-Bit Tiered Compilers"/>
    <property name="java.runtime.version" value="21+35-2513"/>
    <property name="user.name" value="Vlas"/>
    <property name="stdout.encoding" value="UTF-8"/>
    <property name="path.separator" value=":"/>
    <property name="os.version" value="15.2"/>
    <property name="java.runtime.name" value="OpenJDK Runtime Environment"/>
    <property name="file.encoding" value="UTF-8"/>
    <property name="java.vm.name" value="OpenJDK 64-Bit Server VM"/>
    <property name="localRepository" value="/Users/Vlas/.m2/repository"/>
    <property name="java.vendor.url.bug" value="https://bugreport.java.com/bugreport/"/>
    <property name="java.io.tmpdir" value="/var/folders/0p/v9vlvpcd49gdx8d38prw85d40000gp/T/"/>
    <property name="idea.version" value="2024.2.3"/>
    <property name="java.version" value="21"/>
    <property name="user.dir" value="/Users/Vlas/IdeaProjects/AntiSpamBot"/>
    <property name="os.arch" value="aarch64"/>
    <property name="java.vm.specification.name" value="Java Virtual Machine Specification"/>
    <property name="native.encoding" value="UTF-8"/>
    <property name="java.library.path" value="/Users/Vlas/Library/Java/Extensions:/Library/Java/Extensions:/Network/Library/Java/Extensions:/System/Library/Java/Extensions:/usr/lib/java:."/>
    <property name="java.vm.info" value="mixed mode, sharing"/>
    <property name="stderr.encoding" value="UTF-8"/>
    <property name="java.vendor" value="Oracle Corporation"/>
    <property name="java.vm.version" value="21+35-2513"/>
    <property name="sun.io.unicode.encoding" value="UnicodeBig"/>
    <property name="java.class.version" value="65.0"/>
  </properties>
  <testcase name="testSpamMessageDueToBannedWord" classname="com.example.antispambot.SpamFilterServiceTest" time="0.004"/>
  <testcase name="testNonSpamMessage" classname="com.example.antispambot.SpamFilterServiceTest" time="0.0"/>
  <testcase name="testSpamMessageDueToRapidSending" classname="com.example.antispambot.SpamFilterServiceTest" time="0.0"/>
</testsuite>